number,value,datetime_start,datetime_complete,duration,params_colsample_bytree,params_gamma,params_learning_rate,params_max_depth,params_min_child_weight,params_n_estimators,params_reg_alpha,params_reg_lambda,params_scale_pos_weight,params_subsample,state
0,0.795945741824697,2026-06-11 12:25:42.630666,2026-06-11 12:25:46.497206,0 days 00:00:03.866540,0.9741151802148209,2.79275183077642,0.1737629320180863,7,5,200,3.821704607220983e-06,1.5307144704904394,2.561772144788877,0.7681274787726232,COMPLETE
1,0.7896139329529419,2026-06-11 12:25:46.497206,2026-06-11 12:25:54.666674,0 days 00:00:08.169468,0.8695926425069617,2.365376651578851,0.1637428651290477,5,7,600,7.399179421582401e-08,7.9710495293016965,3.295410407102802,0.8779397160615099,COMPLETE
2,0.8032882886935229,2026-06-11 12:25:54.666674,2026-06-11 12:26:01.716381,0 days 00:00:07.049707,0.8238716721654958,2.630478334878098,0.13502589747860405,6,2,600,0.00038563165872442017,0.7258777933245443,1.3162211873674734,0.9893089472942266,COMPLETE
3,0.7979095759145602,2026-06-11 12:26:01.716381,2026-06-11 12:26:04.949140,0 days 00:00:03.232759,0.9686756020795921,1.9270986358588287,0.07549786279773783,3,4,200,4.334407683098325e-06,7.909328242697105,1.3040830990686705,0.7069754115577521,COMPLETE
4,0.7988649718985794,2026-06-11 12:26:04.949140,2026-06-11 12:26:09.412308,0 days 00:00:04.463168,0.9202248358691172,2.0694658890143085,0.06270527559116396,3,7,300,0.23315756324773107,7.066702994837797,1.3522803692646908,0.8154476784691715,COMPLETE
5,0.7875927092643616,2026-06-11 12:26:09.412308,2026-06-11 12:26:16.245082,0 days 00:00:06.832774,0.8043116591718791,0.022849997708400682,0.039053015451139865,7,2,300,7.756509260314616e-08,6.127402071061594,3.288610288906763,0.8358234543952736,COMPLETE
6,0.7995640288614929,2026-06-11 12:26:16.245082,2026-06-11 12:26:19.011211,0 days 00:00:02.766129,0.8821716209876638,1.2809126392177657,0.1494370309894656,2,5,200,0.011991532547178305,4.636318947876394,1.33296872383813,0.9301096619001942,COMPLETE
7,0.7915408368013105,2026-06-11 12:26:19.011211,2026-06-11 12:26:29.604154,0 days 00:00:10.592943,0.7835185310592019,1.9694101215657174,0.17798825656078468,4,5,700,1.4099262375862173e-05,6.719759874593933,3.24444181752024,0.7717126768549255,COMPLETE
8,0.7924582417906281,2026-06-11 12:26:29.604154,2026-06-11 12:26:34.791791,0 days 00:00:05.187637,0.7221077529146956,1.6435721338280938,0.037090767665922265,5,7,300,1.8660325493515157e-07,7.280131926815167,2.2916756425548113,0.9264245196668096,COMPLETE
9,0.7914152352986085,2026-06-11 12:26:34.798207,2026-06-11 12:26:47.405909,0 days 00:00:12.607702,0.9606258037495568,2.76265090669858,0.03501240390700014,7,1,700,2.6970942222376957,5.235415540756928,3.015855941008186,0.8105344497994493,COMPLETE
10,0.7958298665957436,2026-06-11 12:26:47.405909,2026-06-11 12:26:55.975989,0 days 00:00:08.570080,0.7048145659066275,3.8872759117115594,0.020609486279994055,5,3,500,0.0029854300157092263,0.5456308483762502,1.9641284093484817,0.9909907132998319,COMPLETE
11,0.7989160012329378,2026-06-11 12:26:55.976987,2026-06-11 12:27:02.372632,0 days 00:00:06.395645,0.858565932983456,0.8584058329439115,0.10895398019877889,2,1,500,0.00385547216384499,3.6573227641816866,1.0576450948491667,0.9689135570457573,COMPLETE
12,0.7922929806605052,2026-06-11 12:27:02.372632,2026-06-11 12:27:08.649950,0 days 00:00:06.277318,0.8527536578731905,3.640394348881342,0.1130036312937624,2,5,500,0.0017511447997497298,3.1752868295194547,1.6967283298755556,0.9303211248142366,COMPLETE
13,0.8094485730935146,2026-06-11 12:27:08.649950,2026-06-11 12:27:14.747319,0 days 00:00:06.097369,0.8052907427589453,1.2312584386212588,0.11459517213808099,6,3,400,0.00011961293355414116,4.015206707003546,1.7524826504198994,0.9398229220281346,COMPLETE
14,0.8045185224076347,2026-06-11 12:27:14.747319,2026-06-11 12:27:20.749030,0 days 00:00:06.001711,0.7817608742713303,0.7246754164815321,0.09472125115732224,6,3,400,5.8398843929661206e-05,2.323943801636994,2.0425878825992445,0.997453869615592,COMPLETE
15,0.8070944149333613,2026-06-11 12:27:20.749030,2026-06-11 12:27:28.332563,0 days 00:00:07.583533,0.7464421645805417,0.4110614927455179,0.07745406318724211,6,3,400,0.00010572285121606011,2.993870016956095,1.9380718429224728,0.8915761298757079,COMPLETE
16,0.8020189807219792,2026-06-11 12:27:28.332563,2026-06-11 12:27:36.067007,0 days 00:00:07.734444,0.7476061223576475,0.20344730331398125,0.0594538076335271,6,3,400,0.00019394772493065547,3.8603116664491792,2.5734870137684425,0.8809297713873804,COMPLETE
17,0.808527578857334,2026-06-11 12:27:36.068008,2026-06-11 12:27:43.463526,0 days 00:00:07.395518,0.7430376446184643,0.638182345286344,0.08080295879140456,6,4,400,0.06196210288546864,2.5409769372574793,1.7489037300692387,0.8910377963272277,COMPLETE
18,0.8037526388513442,2026-06-11 12:27:43.463526,2026-06-11 12:27:49.568025,0 days 00:00:06.104499,0.7638808747368473,1.2750170369535148,0.0505829438629007,4,4,400,0.06922238745570816,1.844456707710813,1.690234620461858,0.9532754185648602,COMPLETE
19,0.8081823121658079,2026-06-11 12:27:49.568025,2026-06-11 12:27:54.780861,0 days 00:00:05.212836,0.8214903774516789,0.8753807010247556,0.09314872701042301,5,6,300,2.7019842554578175,4.710486496404748,1.6240324606718266,0.9017404326187644,COMPLETE
20,0.8012853318970461,2026-06-11 12:27:54.780861,2026-06-11 12:28:05.998428,0 days 00:00:11.217567,0.7274995448367118,1.3161883250557358,0.024319706167871852,6,8,600,0.18383171269623996,2.6895157422721367,2.282452676246561,0.8501086085834824,COMPLETE
21,0.8056292518429007,2026-06-11 12:28:05.998428,2026-06-11 12:28:11.325259,0 days 00:00:05.326831,0.8234225219647865,0.7515750985528906,0.08505065334168661,5,6,300,2.8146345914342965,4.704897056795639,1.664471890145114,0.9059371247370248,COMPLETE
22,0.8078635764709059,2026-06-11 12:28:11.326268,2026-06-11 12:28:17.587027,0 days 00:00:06.260759,0.8161526745345513,1.0956286232196488,0.12284817884284482,4,4,400,0.7717846078638526,4.100387790186326,1.6675715966654474,0.8626843507514287,COMPLETE
23,0.8054744824406651,2026-06-11 12:28:17.587027,2026-06-11 12:28:22.798103,0 days 00:00:05.211076,0.7877986476207585,0.4519523391152263,0.09736782502700313,5,6,300,0.009953831922490617,5.435223432083237,1.0343260365459512,0.9087024280201461,COMPLETE
24,0.8086547341821344,2026-06-11 12:28:22.798103,2026-06-11 12:28:30.129354,0 days 00:00:07.331251,0.8930438805556788,1.66812502317195,0.07047199521125141,6,2,500,0.03541279537998046,4.403715657598682,1.5534209847337517,0.9574256027441256,COMPLETE
25,0.8057670368567644,2026-06-11 12:28:30.129914,2026-06-11 12:28:39.218991,0 days 00:00:09.089077,0.905521155590558,1.5153886790122766,0.059830330757625595,7,2,500,0.042585702415945045,3.529271139619301,2.203654645780002,0.9569674874717098,COMPLETE
26,0.8084801891307636,2026-06-11 12:28:39.219991,2026-06-11 12:28:48.020608,0 days 00:00:08.800617,0.9301363315973677,1.711843949479825,0.04644945703937049,6,2,500,1.0169180044650027e-06,2.23464048618831,1.5236139455549094,0.9470760065986105,COMPLETE
27,0.8068535281229232,2026-06-11 12:28:48.021629,2026-06-11 12:28:56.601852,0 days 00:00:08.580223,0.9974040805242715,1.0662187366066616,0.06718137130812299,7,4,400,0.0007177287956546658,5.818507260689518,1.9228843027060463,0.9696985683687492,COMPLETE
28,0.809788954725317,2026-06-11 12:28:56.601852,2026-06-11 12:29:09.237460,0 days 00:00:12.635608,0.8407256419981125,0.4620619412218818,0.048810748089689805,6,1,600,0.02123022067893466,1.3409232234558424,1.8262400729109252,0.925939080449513,COMPLETE
29,0.7973136194149112,2026-06-11 12:29:09.237460,2026-06-11 12:29:19.360489,0 days 00:00:10.123029,0.8469640227202406,3.168938015983224,0.032485268936507765,7,1,600,4.6404837559551755e-05,1.4646753964440915,2.57189913166525,0.9276747408258516,COMPLETE
30,0.8012570274315731,2026-06-11 12:29:19.360489,2026-06-11 12:29:29.449166,0 days 00:00:10.088677,0.8846995584516244,2.4619682077888068,0.04881712796870779,6,1,700,0.014517607988134127,1.4860191010984112,2.128448972077962,0.9724524561114037,COMPLETE
31,0.8080650554878769,2026-06-11 12:29:29.451203,2026-06-11 12:29:38.849308,0 days 00:00:09.398105,0.8447314735235113,0.5345087052586185,0.07018834636842299,6,2,500,0.3018816861039096,1.1170931918210942,1.841315331663326,0.9184878319932942,COMPLETE
32,0.8073416668241314,2026-06-11 12:29:38.850308,2026-06-11 12:29:50.170450,0 days 00:00:11.320142,0.8955004812776507,0.21430857440781753,0.05500220587809626,6,3,600,0.02823470246607121,2.0138664733312717,1.5012094722299374,0.8694342998365641,COMPLETE
33,0.7997809728203094,2026-06-11 12:29:50.170450,2026-06-11 12:29:59.984087,0 days 00:00:09.813637,0.8002831011705843,1.0900375719065205,0.04340809937626988,5,2,600,1.0346202748323551e-08,4.202903393435845,2.4354019163599263,0.9447145565534191,COMPLETE
34,0.8103141841185982,2026-06-11 12:29:59.985085,2026-06-11 12:30:08.514614,0 days 00:00:08.529529,0.9439835996724626,1.5219486755946061,0.08050518473517476,7,1,500,0.0008998308910900442,2.9580390892106347,1.853124972490103,0.8851011611887483,COMPLETE
35,0.8046002825717234,2026-06-11 12:30:08.514614,2026-06-11 12:30:14.825172,0 days 00:00:06.310558,0.9553753851828239,2.2040016894875736,0.14063107229558666,7,1,500,0.0007537591880147016,3.179889410122347,1.20638336673084,0.98037076546157,COMPLETE
36,0.8065017442612223,2026-06-11 12:30:14.826172,2026-06-11 12:30:24.766676,0 days 00:00:09.940504,0.9390445479590851,1.7266971549308383,0.10824778458667315,7,2,600,1.7247845255383646e-05,1.0235525723327121,1.4261232491304352,0.7313549017886756,COMPLETE
37,0.8082633111959516,2026-06-11 12:30:24.767676,2026-06-11 12:30:31.529064,0 days 00:00:06.761388,0.8699540742267825,1.4465720539144908,0.1909664318560511,7,1,500,0.000273174704293561,4.372069232999611,1.8227331940766969,0.9408658340427045,COMPLETE
38,0.8093583868308233,2026-06-11 12:30:31.529064,2026-06-11 12:30:41.135726,0 days 00:00:09.606662,0.9142812423694601,1.8583135755434288,0.07102159064104427,6,1,600,0.0014635023886495385,3.520486890663207,1.2076903464756543,0.820090331561605,COMPLETE
39,0.8064423191692154,2026-06-11 12:30:41.145246,2026-06-11 12:30:50.656064,0 days 00:00:09.510818,0.990281734397296,2.283715291471979,0.13158211280659546,6,1,700,0.0015782384794117846,3.4213539196873124,1.1698467567509754,0.8173009886064571,COMPLETE
40,0.7983563035692468,2026-06-11 12:30:50.657062,2026-06-11 12:31:03.367848,0 days 00:00:12.710786,0.9101347594732464,2.537980118275672,0.04102986710750579,7,1,600,0.005940393718805298,5.126497495029576,2.691387069489959,0.7732549460479882,COMPLETE
41,0.8092442352077935,2026-06-11 12:31:03.371866,2026-06-11 12:31:13.512213,0 days 00:00:10.140347,0.9451407081154245,1.9591654592573882,0.06995144364701189,6,2,600,0.0006585261746172121,3.8333598383811,1.534419045786914,0.8004627347646691,COMPLETE
42,0.8106913898157504,2026-06-11 12:31:13.512213,2026-06-11 12:31:23.577999,0 days 00:00:10.065786,0.9446106768305865,1.8663898013319171,0.0534190790335475,6,2,600,0.000412947954307356,2.8109917418547905,1.2484840425618398,0.8024214439312192,COMPLETE
43,0.8070491469686913,2026-06-11 12:31:23.577999,2026-06-11 12:31:33.818951,0 days 00:00:10.240952,0.9704890257937702,1.8320375697367215,0.029561621491036385,5,1,600,1.5893861091569737e-05,2.799767727039997,1.208557611981884,0.8359443316778,COMPLETE
44,0.8074855217771815,2026-06-11 12:31:33.818951,2026-06-11 12:31:45.555086,0 days 00:00:11.736135,0.922314763425199,2.1110613263370057,0.05640751681968691,7,2,700,6.366577377322016e-06,3.336437608567883,1.328407961855314,0.748345124615223,COMPLETE
45,0.805201833055753,2026-06-11 12:31:45.555086,2026-06-11 12:31:54.865429,0 days 00:00:09.310343,0.94914948418465,1.5218441615532747,0.15558872340088134,6,3,600,0.0016713734013516595,2.441055539940222,1.4061548201909297,0.803936744364216,COMPLETE
46,0.8085313685434837,2026-06-11 12:31:54.865429,2026-06-11 12:32:07.186015,0 days 00:00:12.320586,0.9788057532337302,1.3137471637347984,0.05134793113370057,5,1,700,0.00011697022782638223,1.8445883102529024,1.1506306899769438,0.7871506179933772,COMPLETE
47,0.8055891761885009,2026-06-11 12:32:07.187015,2026-06-11 12:32:15.733479,0 days 00:00:08.546464,0.8367420926488996,2.996217889892357,0.08708021526832986,6,2,600,0.0003527817346089734,2.8633076952056356,2.0699408366773318,0.8374639702028103,COMPLETE
48,0.8061337497157611,2026-06-11 12:32:15.733479,2026-06-11 12:32:25.555547,0 days 00:00:09.822068,0.9151506383024733,1.841301053715216,0.06618591178949561,7,3,500,3.127112239162013e-05,3.8779637751399445,1.8336140722451686,0.7526433679964228,COMPLETE
49,0.7993705507499023,2026-06-11 12:32:25.555547,2026-06-11 12:32:28.715930,0 days 00:00:03.160383,0.9324186957377608,2.080819301419444,0.10196629057257782,3,1,200,1.500591529542933e-06,1.15902398384114,1.3045467065479295,0.8547206581450808,COMPLETE
